<?xml version='1.0' encoding='UTF-8'?>
<testsuite hostname="DESKTOP-4MT6HE5" name="example.BasicItSimulation" tests="1" errors="0" failures="0" skipped="0" time="4120.452" timestamp="2025-07-10T21:22:27">
          <properties>
[...]
</properties>
          <testcase classname="example.BasicItSimulation" name="" time="4120.452">
                      
                    </testcase>
          <system-out><![CDATA[]]></system-out>
          <system-err><![CDATA[]]></system-err>
        </testsuite>